###############################################################################
#                                                                             #
#     IAR Assembler V5.20.0.50892 /W32 for ARM 07/Apr/2011  15:18:54          #
#     Copyright 1999-2008 IAR Systems AB.                                     #
#                                                                             #
#           Source file   =  E:\DS0203\DS203_LIB\source\ASM_Function.s        #
#           List file     =  E:\DS0203\DS203_LIB\IAR_V5_Prpject\List\ASM_Function.lst#
#           Object file   =  E:\DS0203\DS203_LIB\IAR_V5_Prpject\Obj\ASM_Function.o#
#           Command line  =  E:\DS0203\DS203_LIB\source\ASM_Function.s        #
#                            -OE:\DS0203\DS203_LIB\IAR_V5_Prpject\Obj\ -s+    #
#                            -M<> -w+ -r                                      #
#                            -LE:\DS0203\DS203_LIB\IAR_V5_Prpject\List\ -t8   #
#                            --cpu Cortex-M3 --fpu None                       #
#                            -IC:\Program Files\IAR Systems\Embedded Workbench 5.0 Evaluation\ARM\INC\ #
#                                                                             #
###############################################################################

    1                          ;********************* (C) COPYRIGHT 2009
                                e-Design Co.,Ltd. *********************
    2                          ; File Name : ASM.c       
    3                          ; Version   : DS203_SYS Ver 1.3x FOR IAR 5.0   
                                                   Author : bure
    4                          ;**********************************************
                               *********************************
    5                           
    6                          //  RSEG .functab :CODE(2)
    7                            RSEG CODE:CODE(2)
    8                          ;==============================================
                               =================================
    9                                          EXPORT  Chk_SYS
   10                                          EXPORT  Ident
   11                                          EXPORT  Dev_SN
   12                                          EXPORT  LCD_GetPixl
   13                                          EXPORT  LCD_SetPixl
   14                                          EXPORT  Row_DMA_Ready
   15                                          EXPORT  LCD_DMA_Ready
   16                                          EXPORT  Row_Copy 
   17                                          EXPORT  LCD_Copy
   18                                          EXPORT  LCD_Fill
   19                                          EXPORT  Read_FIFO
   20                          ;==============================================
                               =================================
   21                          
   22                          Chk_SYS    
   23                          ;    MOVW    R3,  #0x0028  
   24                          ;    MOVT    R3,  #0x0800        ;//0x08000028
   25    00000000 2E4B                         LDR                     R3,    
  =0x08000028
   26    00000002 1B68             LDR     R3,  [R3]
   27    00000004 1847             BX      R3
   28                          
   29                          Ident    
   30                          ;    MOVW    R3,  #0x0024  
   31                          ;    MOVT    R3,  #0x0800        ;//0x08000024
   32    00000006 2E4B                         LDR                     R3,    
  =0x08000024
   33    00000008 1B68             LDR     R3,  [R3]
   34    0000000A 1847             BX      R3
   35                          
   36                          Dev_SN
   37                          ;    MOVW    R3,  #0x0020  
   38                          ;    MOVT    R3,  #0x0800        ;//0x08000020
   39    0000000C 2D4B                         LDR                     R3,    
  =0x08000020
   40    0000000E 1B68             LDR     R3,  [R3]
   41    00000010 1847             BX      R3
   42                          
   43                          LCD_GetPixl
   44                          ;    MOVW    R1,  #0x0000  
   45                          ;    MOVT    R1,  #0x6000        ;#LCD_PORT=0x6
                               0000000
   46    00000012 2D49                         LDR                     R1,    
  =0x60000000
   47    00000014 0888             LDRH    R0,  [R1, #0x00]     
   48    00000016 0888             LDRH    R0,  [R1, #0x00]  
   49                          RET    
   50    00000018 7047             BX      LR
   51                          
   52                          LCD_SetPixl
   53                          ;    MOVW    R1,  #0x0000  
   54                          ;    MOVT    R1,  #0x6000        ;#LCD_PORT=0x6
                               0000000
   55    0000001A 2B49                         LDR                     R1,    
  =0x60000000
   56    0000001C 0880             STRH    R0,  [R1, #0x00]     
   57    0000001E 7047             BX      LR
   58                          
   59                          
   60                          
   61                          Row_DMA_Ready
   62                          ;    MOVW    R1,  #0x0000  
   63                          ;    MOVT    R1,  #0x4002        ;#DMA1_BASE=0x
                               40020000
   64    00000020 2A49                         LDR                     R1,    
  =0x40020000
   65    00000022 C869             LDR     R0,  [R1, #0x1C]    ;R0 = CCR2
   66    00000024 0122             MOVS    R2,  #0x0001
   67    00000026 40EA0200         ORR     R0,  R0, R2
   68    0000002A C861             STR     R0,  [R1, #0x1C]    ;DMA1_CH2_EN=1
   69                          Row_DMA_Ready_1
   70    0000002C 086A             LDR     R0,  [R1, #0x20]    ;R0 = CNDTR2
                                                                
   71    0000002E 0028             CMP     R0,  #0
   72    00000030 FCD1             BNE     Row_DMA_Ready_1
   73    00000032 7047             BX      LR
   74                              
   75                          LCD_DMA_Ready
   76                          ;    MOVW    R1,  #0x0400  
   77                          ;    MOVT    R1,  #0x4002        ;#DMA2_BASE=0x
                               40020400
   78    00000034 2649                         LDR                     R1,    
  =0x40020400
   79    00000036 8868             LDR     R0,  [R1, #0x08]    ;R0 = CCR1
   80    00000038 0122             MOVS    R2,  #0x0001
   81    0000003A 40EA0200         ORR     R0,  R0, R2
   82    0000003E 8860             STR     R0,  [R1, #0x08]    ;DMA_CH1_EN=1
   83                          LCD_DMA_Ready_1
   84    00000040 C868             LDR     R0,  [R1, #0x0C]    ;R0 = CNDTR1
                                                                
   85    00000042 0028             CMP     R0,  #0
   86    00000044 FCD1             BNE     LCD_DMA_Ready_1
   87    00000046 7047             BX      LR
   88                              
   89                          Row_Copy                        ;Input: R0 =
                                Source Ptr, R1 = Target Ptr
   90                          ;    MOVW    R3,  #0x0000  
   91                          ;    MOVT    R3,  #0x4002        ;#DMA1_BASE=0x
                               40020000
   92    00000048 204B                         LDR                     R3,    
  =0x40020000
   93    0000004A 47F2C152         MOVW    R2,  #0x75C1
   94    0000004E DA61             STR     R2,  [R3, #0x1C]    ;CCR2   = 0x75C1
                                                                DMA1_CH2
                                                                enabled
   95                          Row_Copy_1
   96    00000050 1A6A             LDR     R2,  [R3, #0x20]    ;R2 = CNDTR2
                                                                
   97    00000052 002A             CMP     R2,  #0
   98    00000054 FCD1             BNE     Row_Copy_1
   99    00000056 47F2C052         MOVW    R2,  #0x75C0
  100    0000005A DA61             STR     R2,  [R3, #0x1C]    ;CCR2   = 0x75C0
                                                                DMA1_CH2
                                                                disabled
                                                                
  101    0000005C 40F2C902         MOVW    R2,  #0x00C9
  102    00000060 1A62             STR     R2,  [R3, #0x20]    ;CNDTR2 = 201
                                                                
  103    00000062 5862             STR     R0,  [R3, #0x24]    ;CPAR2  = R0
                                                                
  104    00000064 9962             STR     R1,  [R3, #0x28]    ;CMAR2  = R1
                                                                
  105    00000066 47F2C152         MOVW    R2,  #0x75C1
  106    0000006A DA61             STR     R2,  [R3, #0x1C]    ;CCR2   = 0x75C1
                                                                DMA1_CH2
                                                                enabled
                                                                
  107    0000006C 7047             BX      LR
  108                              
  109                          LCD_Copy                        ;Input: R0 =
                                Source Ptr, R1 = Length
  110                          ;    MOVW    R3,  #0x0400  
  111                          ;    MOVT    R3,  #0x4002        ;#DMA2_BASE=0x
                               40020400
  112    0000006E 184B                         LDR                     R3,    
  =0x40020400
  113    00000070 45F29052         MOVW    R2,  #0x5590
  114    00000074 9A60             STR     R2,  [R3, #0x08]    ;CCR1   = 0x5590
                                                                DMA_CH1
                                                                disabled
                                                                
  115    00000076 5861             STR     R0,  [R3, #0x14]    ;CMAR1  = R0
                                                                
  116    00000078 D960             STR     R1,  [R3, #0x0C]    ;CNDTR1 = R1
                                                                
  117    0000007A 45F29152         MOVW    R2,  #0x5591
  118    0000007E 9A60             STR     R2,  [R3, #0x08]    ;CCR1   = 0x5591
                                                                DMA_CH1 enabled
                                                                
  119    00000080 7047             BX      LR
  120                              
  121                          LCD_Fill
  122                          ;    MOVW    R3,  #0x0400  
  123                          ;    MOVT    R3,  #0x4002        ;#DMA2_BASE=0x
                               40020400
  124    00000082 134B                         LDR                     R3,    
  =0x40020400
  125    00000084 45F21152         MOVW    R2,  #0x5511
  126    00000088 9A60             STR     R2,  [R3, #0x08]    ;CCR1   = 0x5511
                                                                DMA_CH1
                                                                enabled
  127                          LCD_Fill_1
  128    0000008A DA68             LDR     R2,  [R3, #0x0C]    ;R2 = CNDTR1
                                                                
  129    0000008C 002A             CMP     R2,  #0
  130    0000008E FCD1             BNE     LCD_Fill_1
  131    00000090 45F21052         MOVW    R2,  #0x5510
  132    00000094 9A60             STR     R2,  [R3, #0x08]    ;CCR1   = 0x5510
                                                                DMA_CH1
                                                                disabled
  133    00000096 5861             STR     R0,  [R3, #0x14]    ;CMAR1  = R0
                                                                
  134    00000098 D960             STR     R1,  [R3, #0x0C]    ;CNDTR1 = R1
                                                                
  135    0000009A 45F21152         MOVW    R2,  #0x5511
  136    0000009E 9A60             STR     R2,  [R3, #0x08]    ;CCR1   = 0x5511
                                                                DMA_CH1
                                                                enabled
  137    000000A0 7047             BX      LR
  138                          
  139                          Read_FIFO
  140                          ;    MOVW    R1,  #0x1000        ; PORT_C 
                                
  141                          ;    MOVT    R1,  #0x4001        ; GPIO
                                
  142    000000A2 0C49                         LDR                     R1,    
  = 0x40011000        
  143    000000A4 40F22002         MOVW    R2,  #0x20          ; H_L pin:
                                                                GPIO_PORT_B_Bit
                                                               5 
  144                          ;    MOVW    R3,  #0x0000  
  145                          ;    MOVT    R3,  #0x6400        ; FIFO Port
                                address  
  146    000000A8 0B4B                         LDR                     R3,    
  =0x64000000    
  147    000000AA 4A61             STR     R2,  [R1, #0x14]    ; 0 ->
                                                                H_L
  148    000000AC 1888             LDRH    R0,  [R3, #0]       ; FIFO Data ->
                                                                R0
  149    000000AE 4FEA0040         LSL     R0,  R0,  #16
  150                          
  151    000000B2 0A61             STR     R2,  [R1, #0x10]    ; 1 ->
                                                                H_L
  152    000000B4 1988             LDRH    R1,  [R3, #0]       ; FIFO Data ->
                                                                R1  
  153    000000B6 0844             ADD     R0,  R0, R1
  154    000000B8 7047             BX      LR
  155                          
  156                              
  157                          ;----------------------------------------------
                               ---------------------------------
  158                            END
  158.1  000000BA 0000                  TABLE
  158.2  000000BC 28000008             Reference on line 25 
  158.3  000000C0 24000008             Reference on line 32 
  158.4  000000C4 20000008             Reference on line 39 
  158.5  000000C8 00000060             Reference on line 46,55 
  158.6  000000CC 00000240             Reference on line 64,92 
  158.7  000000D0 00040240             Reference on line 78,112,124 
  158.8  000000D4 00100140             Reference on line 142 
  158.9  000000D8 00000064             Reference on line 146 
  158.10                               END (including table)
##############################
#           CRC:0            #
#        Errors:   0         #
#        Warnings: 0         #
#         Bytes: 220         #
##############################



